  [1m[36m (66.0ms)[0m  [1mCREATE TABLE "schema_migrations" ("version" character varying NOT NULL) [0m
  [1m[35m (2.8ms)[0m  CREATE UNIQUE INDEX  "unique_schema_migrations" ON "schema_migrations"  ("version")
  [1m[36mActiveRecord::SchemaMigration Load (0.7ms)[0m  [1mSELECT "schema_migrations".* FROM "schema_migrations"[0m
Migrating to CreateUsers (20150716193659)
  [1m[35m (0.3ms)[0m  BEGIN
  [1m[36m (10.7ms)[0m  [1mCREATE TABLE "users" ("id" serial primary key, "email" character varying NOT NULL, "username" character varying NOT NULL, "password_digest" character varying NOT NULL, "phone_number" integer, "profile_pic" character varying, "created_at" timestamp NOT NULL, "updated_at" timestamp NOT NULL) [0m
  [1m[35mSQL (0.8ms)[0m  INSERT INTO "schema_migrations" ("version") VALUES ($1)  [["version", "20150716193659"]]
  [1m[36m (1.1ms)[0m  [1mCOMMIT[0m
Migrating to CreateDeals (20150716193714)
  [1m[35m (0.3ms)[0m  BEGIN
  [1m[36m (7.0ms)[0m  [1mCREATE TABLE "deals" ("id" serial primary key, "vendor_id" integer, "title" character varying NOT NULL, "description" character varying NOT NULL, "item_quantity" integer NOT NULL, "item_price" decimal(5,2), "created_at" timestamp NOT NULL, "updated_at" timestamp NOT NULL) [0m
  [1m[35mSQL (20.4ms)[0m  INSERT INTO "schema_migrations" ("version") VALUES ($1)  [["version", "20150716193714"]]
  [1m[36m (0.6ms)[0m  [1mCOMMIT[0m
Migrating to CreateVendors (20150716193724)
  [1m[35m (0.4ms)[0m  BEGIN
  [1m[36m (6.3ms)[0m  [1mCREATE TABLE "vendors" ("id" serial primary key, "username" character varying NOT NULL, "password_digest" character varying NOT NULL, "email" character varying NOT NULL, "name" character varying NOT NULL, "bio" text, "address" character varying NOT NULL, "phone_num" integer NOT NULL, "created_at" timestamp NOT NULL, "updated_at" timestamp NOT NULL) [0m
  [1m[35mSQL (0.3ms)[0m  INSERT INTO "schema_migrations" ("version") VALUES ($1)  [["version", "20150716193724"]]
  [1m[36m (0.9ms)[0m  [1mCOMMIT[0m
Migrating to CreatePurchasedItems (20150716193826)
  [1m[35m (0.4ms)[0m  BEGIN
  [1m[36m (6.5ms)[0m  [1mCREATE TABLE "purchased_items" ("id" serial primary key, "deal_id" integer, "user_id" integer, "quantity" integer, "price" decimal(5,2), "title" character varying, "description" character varying, "created_at" timestamp NOT NULL, "updated_at" timestamp NOT NULL) [0m
  [1m[35mSQL (0.4ms)[0m  INSERT INTO "schema_migrations" ("version") VALUES ($1)  [["version", "20150716193826"]]
  [1m[36m (0.9ms)[0m  [1mCOMMIT[0m
Migrating to CreateFavoriteVendors (20150716200410)
  [1m[35m (0.4ms)[0m  BEGIN
  [1m[36m (4.4ms)[0m  [1mCREATE TABLE "favorite_vendors" ("id" serial primary key, "user_id" integer, "vendor_id" integer, "created_at" timestamp NOT NULL, "updated_at" timestamp NOT NULL) [0m
  [1m[35mSQL (0.4ms)[0m  INSERT INTO "schema_migrations" ("version") VALUES ($1)  [["version", "20150716200410"]]
  [1m[36m (0.8ms)[0m  [1mCOMMIT[0m
  [1m[35mActiveRecord::SchemaMigration Load (0.3ms)[0m  SELECT "schema_migrations".* FROM "schema_migrations"
  [1m[36m (7.8ms)[0m  [1mSELECT t2.oid::regclass::text AS to_table, a1.attname AS column, a2.attname AS primary_key, c.conname AS name, c.confupdtype AS on_update, c.confdeltype AS on_delete
FROM pg_constraint c
JOIN pg_class t1 ON c.conrelid = t1.oid
JOIN pg_class t2 ON c.confrelid = t2.oid
JOIN pg_attribute a1 ON a1.attnum = c.conkey[1] AND a1.attrelid = t1.oid
JOIN pg_attribute a2 ON a2.attnum = c.confkey[1] AND a2.attrelid = t2.oid
JOIN pg_namespace t3 ON c.connamespace = t3.oid
WHERE c.contype = 'f'
  AND t1.relname = 'deals'
  AND t3.nspname = ANY (current_schemas(false))
ORDER BY c.conname
[0m
  [1m[35m (6.7ms)[0m  SELECT t2.oid::regclass::text AS to_table, a1.attname AS column, a2.attname AS primary_key, c.conname AS name, c.confupdtype AS on_update, c.confdeltype AS on_delete
FROM pg_constraint c
JOIN pg_class t1 ON c.conrelid = t1.oid
JOIN pg_class t2 ON c.confrelid = t2.oid
JOIN pg_attribute a1 ON a1.attnum = c.conkey[1] AND a1.attrelid = t1.oid
JOIN pg_attribute a2 ON a2.attnum = c.confkey[1] AND a2.attrelid = t2.oid
JOIN pg_namespace t3 ON c.connamespace = t3.oid
WHERE c.contype = 'f'
  AND t1.relname = 'favorite_vendors'
  AND t3.nspname = ANY (current_schemas(false))
ORDER BY c.conname

  [1m[36m (6.7ms)[0m  [1mSELECT t2.oid::regclass::text AS to_table, a1.attname AS column, a2.attname AS primary_key, c.conname AS name, c.confupdtype AS on_update, c.confdeltype AS on_delete
FROM pg_constraint c
JOIN pg_class t1 ON c.conrelid = t1.oid
JOIN pg_class t2 ON c.confrelid = t2.oid
JOIN pg_attribute a1 ON a1.attnum = c.conkey[1] AND a1.attrelid = t1.oid
JOIN pg_attribute a2 ON a2.attnum = c.confkey[1] AND a2.attrelid = t2.oid
JOIN pg_namespace t3 ON c.connamespace = t3.oid
WHERE c.contype = 'f'
  AND t1.relname = 'purchased_items'
  AND t3.nspname = ANY (current_schemas(false))
ORDER BY c.conname
[0m
  [1m[35m (7.2ms)[0m  SELECT t2.oid::regclass::text AS to_table, a1.attname AS column, a2.attname AS primary_key, c.conname AS name, c.confupdtype AS on_update, c.confdeltype AS on_delete
FROM pg_constraint c
JOIN pg_class t1 ON c.conrelid = t1.oid
JOIN pg_class t2 ON c.confrelid = t2.oid
JOIN pg_attribute a1 ON a1.attnum = c.conkey[1] AND a1.attrelid = t1.oid
JOIN pg_attribute a2 ON a2.attnum = c.confkey[1] AND a2.attrelid = t2.oid
JOIN pg_namespace t3 ON c.connamespace = t3.oid
WHERE c.contype = 'f'
  AND t1.relname = 'users'
  AND t3.nspname = ANY (current_schemas(false))
ORDER BY c.conname

  [1m[36m (6.4ms)[0m  [1mSELECT t2.oid::regclass::text AS to_table, a1.attname AS column, a2.attname AS primary_key, c.conname AS name, c.confupdtype AS on_update, c.confdeltype AS on_delete
FROM pg_constraint c
JOIN pg_class t1 ON c.conrelid = t1.oid
JOIN pg_class t2 ON c.confrelid = t2.oid
JOIN pg_attribute a1 ON a1.attnum = c.conkey[1] AND a1.attrelid = t1.oid
JOIN pg_attribute a2 ON a2.attnum = c.confkey[1] AND a2.attrelid = t2.oid
JOIN pg_namespace t3 ON c.connamespace = t3.oid
WHERE c.contype = 'f'
  AND t1.relname = 'vendors'
  AND t3.nspname = ANY (current_schemas(false))
ORDER BY c.conname
[0m
  [1m[36mUser Load (1.2ms)[0m  [1mSELECT "users".* FROM "users"[0m
  [1m[35mUser Load (1.3ms)[0m  SELECT  "users".* FROM "users"  ORDER BY "users"."id" ASC LIMIT 1
  [1m[36m (0.3ms)[0m  [1mBEGIN[0m
  [1m[35mSQL (26.7ms)[0m  INSERT INTO "users" ("email", "username", "password_digest", "created_at", "updated_at") VALUES ($1, $2, $3, $4, $5) RETURNING "id"  [["email", "bozo@gmail.com"], ["username", "mike"], ["password_digest", "$2a$10$Hsoyt6Usu/JN0hosu3bJ4OZeYlRxoZFyfm9twSICkoGKJw2KQ8e2G"], ["created_at", "2015-07-16 20:22:22.489033"], ["updated_at", "2015-07-16 20:22:22.489033"]]
  [1m[36m (1.9ms)[0m  [1mCOMMIT[0m
  [1m[36m (0.3ms)[0m  [1mBEGIN[0m
  [1m[35mSQL (47.9ms)[0m  INSERT INTO "vendors" ("username", "password_digest", "email", "name", "address", "created_at", "updated_at") VALUES ($1, $2, $3, $4, $5, $6, $7) RETURNING "id"  [["username", "ross"], ["password_digest", "$2a$10$O9KF8UpKOJ0hAFnDRUsc9u8lKEJW2Ry4D6oF8TICThhOcMoCmhiA2"], ["email", "RTB@gmail.com"], ["name", "grapefpizza"], ["address", "123south"], ["created_at", "2015-07-16 20:24:47.764126"], ["updated_at", "2015-07-16 20:24:47.764126"]]
PG::NotNullViolation: ERROR:  null value in column "phone_num" violates not-null constraint
DETAIL:  Failing row contains (1, ross, $2a$10$O9KF8UpKOJ0hAFnDRUsc9u8lKEJW2Ry4D6oF8TICThhOcMoCmhiA2, RTB@gmail.com, grapefpizza, null, 123south, null, 2015-07-16 20:24:47.764126, 2015-07-16 20:24:47.764126).
: INSERT INTO "vendors" ("username", "password_digest", "email", "name", "address", "created_at", "updated_at") VALUES ($1, $2, $3, $4, $5, $6, $7) RETURNING "id"
  [1m[36m (0.2ms)[0m  [1mROLLBACK[0m
  [1m[36m (7.4ms)[0m  [1mCREATE TABLE "schema_migrations" ("version" character varying NOT NULL) [0m
  [1m[35m (2.5ms)[0m  CREATE UNIQUE INDEX  "unique_schema_migrations" ON "schema_migrations"  ("version")
  [1m[36mActiveRecord::SchemaMigration Load (0.6ms)[0m  [1mSELECT "schema_migrations".* FROM "schema_migrations"[0m
Migrating to CreateUsers (20150716193659)
  [1m[35m (0.2ms)[0m  BEGIN
  [1m[36m (9.1ms)[0m  [1mCREATE TABLE "users" ("id" serial primary key, "email" character varying NOT NULL, "username" character varying NOT NULL, "password_digest" character varying NOT NULL, "phone_number" character varying, "profile_pic" character varying, "created_at" timestamp NOT NULL, "updated_at" timestamp NOT NULL) [0m
  [1m[35mSQL (0.5ms)[0m  INSERT INTO "schema_migrations" ("version") VALUES ($1)  [["version", "20150716193659"]]
  [1m[36m (1.2ms)[0m  [1mCOMMIT[0m
Migrating to CreateDeals (20150716193714)
  [1m[35m (0.3ms)[0m  BEGIN
  [1m[36m (7.2ms)[0m  [1mCREATE TABLE "deals" ("id" serial primary key, "vendor_id" integer, "title" character varying NOT NULL, "description" character varying NOT NULL, "item_quantity" integer NOT NULL, "item_price" decimal(5,2), "created_at" timestamp NOT NULL, "updated_at" timestamp NOT NULL) [0m
  [1m[35mSQL (0.3ms)[0m  INSERT INTO "schema_migrations" ("version") VALUES ($1)  [["version", "20150716193714"]]
  [1m[36m (1.1ms)[0m  [1mCOMMIT[0m
Migrating to CreateVendors (20150716193724)
  [1m[35m (0.4ms)[0m  BEGIN
  [1m[36m (7.6ms)[0m  [1mCREATE TABLE "vendors" ("id" serial primary key, "username" character varying NOT NULL, "password_digest" character varying NOT NULL, "email" character varying NOT NULL, "name" character varying NOT NULL, "bio" text, "address" character varying NOT NULL, "phone_number" character varying, "created_at" timestamp NOT NULL, "updated_at" timestamp NOT NULL) [0m
  [1m[35mSQL (0.2ms)[0m  INSERT INTO "schema_migrations" ("version") VALUES ($1)  [["version", "20150716193724"]]
  [1m[36m (1.0ms)[0m  [1mCOMMIT[0m
Migrating to CreatePurchasedItems (20150716193826)
  [1m[35m (0.3ms)[0m  BEGIN
  [1m[36m (6.5ms)[0m  [1mCREATE TABLE "purchased_items" ("id" serial primary key, "deal_id" integer, "user_id" integer, "quantity" integer, "price" decimal(5,2), "title" character varying, "description" character varying, "created_at" timestamp NOT NULL, "updated_at" timestamp NOT NULL) [0m
  [1m[35mSQL (0.4ms)[0m  INSERT INTO "schema_migrations" ("version") VALUES ($1)  [["version", "20150716193826"]]
  [1m[36m (0.9ms)[0m  [1mCOMMIT[0m
Migrating to CreateFavoriteVendors (20150716200410)
  [1m[35m (0.3ms)[0m  BEGIN
  [1m[36m (8.3ms)[0m  [1mCREATE TABLE "favorite_vendors" ("id" serial primary key, "user_id" integer, "vendor_id" integer, "created_at" timestamp NOT NULL, "updated_at" timestamp NOT NULL) [0m
  [1m[35mSQL (0.4ms)[0m  INSERT INTO "schema_migrations" ("version") VALUES ($1)  [["version", "20150716200410"]]
  [1m[36m (0.7ms)[0m  [1mCOMMIT[0m
  [1m[35mActiveRecord::SchemaMigration Load (0.4ms)[0m  SELECT "schema_migrations".* FROM "schema_migrations"
  [1m[36m (7.2ms)[0m  [1mSELECT t2.oid::regclass::text AS to_table, a1.attname AS column, a2.attname AS primary_key, c.conname AS name, c.confupdtype AS on_update, c.confdeltype AS on_delete
FROM pg_constraint c
JOIN pg_class t1 ON c.conrelid = t1.oid
JOIN pg_class t2 ON c.confrelid = t2.oid
JOIN pg_attribute a1 ON a1.attnum = c.conkey[1] AND a1.attrelid = t1.oid
JOIN pg_attribute a2 ON a2.attnum = c.confkey[1] AND a2.attrelid = t2.oid
JOIN pg_namespace t3 ON c.connamespace = t3.oid
WHERE c.contype = 'f'
  AND t1.relname = 'deals'
  AND t3.nspname = ANY (current_schemas(false))
ORDER BY c.conname
[0m
  [1m[35m (6.1ms)[0m  SELECT t2.oid::regclass::text AS to_table, a1.attname AS column, a2.attname AS primary_key, c.conname AS name, c.confupdtype AS on_update, c.confdeltype AS on_delete
FROM pg_constraint c
JOIN pg_class t1 ON c.conrelid = t1.oid
JOIN pg_class t2 ON c.confrelid = t2.oid
JOIN pg_attribute a1 ON a1.attnum = c.conkey[1] AND a1.attrelid = t1.oid
JOIN pg_attribute a2 ON a2.attnum = c.confkey[1] AND a2.attrelid = t2.oid
JOIN pg_namespace t3 ON c.connamespace = t3.oid
WHERE c.contype = 'f'
  AND t1.relname = 'favorite_vendors'
  AND t3.nspname = ANY (current_schemas(false))
ORDER BY c.conname

  [1m[36m (6.8ms)[0m  [1mSELECT t2.oid::regclass::text AS to_table, a1.attname AS column, a2.attname AS primary_key, c.conname AS name, c.confupdtype AS on_update, c.confdeltype AS on_delete
FROM pg_constraint c
JOIN pg_class t1 ON c.conrelid = t1.oid
JOIN pg_class t2 ON c.confrelid = t2.oid
JOIN pg_attribute a1 ON a1.attnum = c.conkey[1] AND a1.attrelid = t1.oid
JOIN pg_attribute a2 ON a2.attnum = c.confkey[1] AND a2.attrelid = t2.oid
JOIN pg_namespace t3 ON c.connamespace = t3.oid
WHERE c.contype = 'f'
  AND t1.relname = 'purchased_items'
  AND t3.nspname = ANY (current_schemas(false))
ORDER BY c.conname
[0m
  [1m[35m (6.2ms)[0m  SELECT t2.oid::regclass::text AS to_table, a1.attname AS column, a2.attname AS primary_key, c.conname AS name, c.confupdtype AS on_update, c.confdeltype AS on_delete
FROM pg_constraint c
JOIN pg_class t1 ON c.conrelid = t1.oid
JOIN pg_class t2 ON c.confrelid = t2.oid
JOIN pg_attribute a1 ON a1.attnum = c.conkey[1] AND a1.attrelid = t1.oid
JOIN pg_attribute a2 ON a2.attnum = c.confkey[1] AND a2.attrelid = t2.oid
JOIN pg_namespace t3 ON c.connamespace = t3.oid
WHERE c.contype = 'f'
  AND t1.relname = 'users'
  AND t3.nspname = ANY (current_schemas(false))
ORDER BY c.conname

  [1m[36m (6.2ms)[0m  [1mSELECT t2.oid::regclass::text AS to_table, a1.attname AS column, a2.attname AS primary_key, c.conname AS name, c.confupdtype AS on_update, c.confdeltype AS on_delete
FROM pg_constraint c
JOIN pg_class t1 ON c.conrelid = t1.oid
JOIN pg_class t2 ON c.confrelid = t2.oid
JOIN pg_attribute a1 ON a1.attnum = c.conkey[1] AND a1.attrelid = t1.oid
JOIN pg_attribute a2 ON a2.attnum = c.confkey[1] AND a2.attrelid = t2.oid
JOIN pg_namespace t3 ON c.connamespace = t3.oid
WHERE c.contype = 'f'
  AND t1.relname = 'vendors'
  AND t3.nspname = ANY (current_schemas(false))
ORDER BY c.conname
[0m
  [1m[36m (0.2ms)[0m  [1mBEGIN[0m
  [1m[35mSQL (1.1ms)[0m  INSERT INTO "users" ("email", "username", "password_digest", "created_at", "updated_at") VALUES ($1, $2, $3, $4, $5) RETURNING "id"  [["email", "bozo@gmail.com"], ["username", "mike"], ["password_digest", "$2a$10$VBOzLTkYC6B4R4wthZ4BDucSgFO.hRq3P29SMtS/ZBRaSJqY444te"], ["created_at", "2015-07-16 20:29:48.387448"], ["updated_at", "2015-07-16 20:29:48.387448"]]
  [1m[36m (0.7ms)[0m  [1mCOMMIT[0m
  [1m[35m (0.3ms)[0m  BEGIN
  [1m[36mSQL (1.1ms)[0m  [1mINSERT INTO "vendors" ("username", "password_digest", "email", "name", "address", "created_at", "updated_at") VALUES ($1, $2, $3, $4, $5, $6, $7) RETURNING "id"[0m  [["username", "ross"], ["password_digest", "$2a$10$5SyVHBKnZj6gMN.taQcSRuaTg9idgbeJ7P4hXCWeGyuV8ANBOLPjy"], ["email", "RTB@gmail.com"], ["name", "grapefpizza"], ["address", "123south"], ["created_at", "2015-07-16 20:29:54.290763"], ["updated_at", "2015-07-16 20:29:54.290763"]]
  [1m[35m (0.8ms)[0m  COMMIT
  [1m[36mVendor Load (1.6ms)[0m  [1mSELECT  "vendors".* FROM "vendors"  ORDER BY "vendors"."id" ASC LIMIT 1[0m
  [1m[35mDeal Load (0.8ms)[0m  SELECT "deals".* FROM "deals" WHERE "deals"."vendor_id" = $1  [["vendor_id", 1]]
  [1m[36mVendor Load (2.2ms)[0m  [1mSELECT  "vendors".* FROM "vendors"  ORDER BY "vendors"."id" ASC LIMIT 1[0m
  [1m[35m (10.2ms)[0m  BEGIN
  [1m[36m (0.3ms)[0m  [1mROLLBACK[0m
  [1m[35mVendor Load (3.0ms)[0m  SELECT  "vendors".* FROM "vendors"  ORDER BY "vendors"."id" ASC LIMIT 1
  [1m[36m (10.8ms)[0m  [1mBEGIN[0m
  [1m[35mSQL (195.6ms)[0m  INSERT INTO "deals" ("title", "description", "item_quantity", "item_price", "vendor_id", "created_at", "updated_at") VALUES ($1, $2, $3, $4, $5, $6, $7) RETURNING "id"  [["title", "pizza"], ["description", "whole wheat pizza"], ["item_quantity", 2], ["item_price", "2.0"], ["vendor_id", 1], ["created_at", "2015-07-16 20:31:59.383402"], ["updated_at", "2015-07-16 20:31:59.383402"]]
  [1m[36m (22.3ms)[0m  [1mCOMMIT[0m
  [1m[35mDeal Load (3.3ms)[0m  SELECT  "deals".* FROM "deals"  ORDER BY "deals"."id" ASC LIMIT 1
  [1m[36mDeal Load (0.7ms)[0m  [1mSELECT  "deals".* FROM "deals"  ORDER BY "deals"."id" ASC LIMIT 1[0m
  [1m[35mDeal Load (4.7ms)[0m  SELECT  "deals".* FROM "deals"  ORDER BY "deals"."id" ASC LIMIT 1
  [1m[36mDeal Load (1.0ms)[0m  [1mSELECT  "deals".* FROM "deals"  ORDER BY "deals"."id" ASC LIMIT 1[0m
  [1m[35mUser Load (3.1ms)[0m  SELECT  "users".* FROM "users"  ORDER BY "users"."id" ASC LIMIT 1
  [1m[36m (13.8ms)[0m  [1mBEGIN[0m
  [1m[35mSQL (38.7ms)[0m  INSERT INTO "purchased_items" ("deal_id", "quantity", "user_id", "created_at", "updated_at") VALUES ($1, $2, $3, $4, $5) RETURNING "id"  [["deal_id", 1], ["quantity", 1], ["user_id", 1], ["created_at", "2015-07-16 20:37:39.781151"], ["updated_at", "2015-07-16 20:37:39.781151"]]
  [1m[36m (0.8ms)[0m  [1mCOMMIT[0m
  [1m[35mUser Load (1.3ms)[0m  SELECT  "users".* FROM "users"  ORDER BY "users"."id" ASC LIMIT 1
  [1m[36mDeal Load (0.7ms)[0m  [1mSELECT "deals".* FROM "deals" INNER JOIN "purchased_items" ON "deals"."id" = "purchased_items"."deal_id" WHERE "purchased_items"."user_id" = $1[0m  [["user_id", 1]]
  [1m[35mUser Load (1.1ms)[0m  SELECT  "users".* FROM "users"  ORDER BY "users"."id" ASC LIMIT 1
  [1m[36mPurchasedItem Load (0.4ms)[0m  [1mSELECT "purchased_items".* FROM "purchased_items" WHERE "purchased_items"."user_id" = $1[0m  [["user_id", 1]]
  [1m[35mDeal Load (1.3ms)[0m  SELECT  "deals".* FROM "deals"  ORDER BY "deals"."id" ASC LIMIT 1
  [1m[36mDeal Load (3.7ms)[0m  [1mSELECT  "deals".* FROM "deals"  ORDER BY "deals"."id" ASC LIMIT 1[0m
  [1m[35mUser Load (0.6ms)[0m  SELECT "users".* FROM "users" INNER JOIN "purchased_items" ON "users"."id" = "purchased_items"."user_id" WHERE "purchased_items"."deal_id" = $1  [["deal_id", 1]]
  [1m[36mUser Load (1.0ms)[0m  [1mSELECT  "users".* FROM "users"  ORDER BY "users"."id" ASC LIMIT 1[0m
  [1m[35mFavoriteVendor Load (40.3ms)[0m  SELECT "favorite_vendors".* FROM "favorite_vendors" WHERE "favorite_vendors"."user_id" = $1  [["user_id", 1]]
  [1m[36mUser Load (1.0ms)[0m  [1mSELECT  "users".* FROM "users"  ORDER BY "users"."id" ASC LIMIT 1[0m
  [1m[35m (10.7ms)[0m  BEGIN
  [1m[36mSQL (0.7ms)[0m  [1mINSERT INTO "favorite_vendors" ("vendor_id", "user_id", "created_at", "updated_at") VALUES ($1, $2, $3, $4) RETURNING "id"[0m  [["vendor_id", 1], ["user_id", 1], ["created_at", "2015-07-16 20:42:13.170147"], ["updated_at", "2015-07-16 20:42:13.170147"]]
  [1m[35m (0.5ms)[0m  COMMIT
  [1m[36mUser Load (1.0ms)[0m  [1mSELECT  "users".* FROM "users"  ORDER BY "users"."id" ASC LIMIT 1[0m
  [1m[35mFavoriteVendor Load (5.6ms)[0m  SELECT "favorite_vendors".* FROM "favorite_vendors" WHERE "favorite_vendors"."user_id" = $1  [["user_id", 1]]
  [1m[36mUser Load (1.0ms)[0m  [1mSELECT  "users".* FROM "users"  ORDER BY "users"."id" ASC LIMIT 1[0m
  [1m[35mUser Load (1.5ms)[0m  SELECT  "users".* FROM "users"  ORDER BY "users"."id" ASC LIMIT 1
  [1m[36mUser Load (2.0ms)[0m  [1mSELECT  "users".* FROM "users"  ORDER BY "users"."id" ASC LIMIT 1[0m
  [1m[35mUser Load (1.0ms)[0m  SELECT  "users".* FROM "users"  ORDER BY "users"."id" ASC LIMIT 1
  [1m[36mVendor Load (1.4ms)[0m  [1mSELECT "vendors".* FROM "vendors" INNER JOIN "favorite_vendors" ON "vendors"."id" = "favorite_vendors"."vendor_id" WHERE "favorite_vendors"."user_id" = $1[0m  [["user_id", 1]]
  [1m[35mVendor Load (0.9ms)[0m  SELECT  "vendors".* FROM "vendors"  ORDER BY "vendors"."id" ASC LIMIT 1
  [1m[36mUser Load (0.6ms)[0m  [1mSELECT "users".* FROM "users" INNER JOIN "favorite_vendors" ON "users"."id" = "favorite_vendors"."user_id" WHERE "favorite_vendors"."vendor_id" = $1[0m  [["vendor_id", 1]]


Started GET "/" for ::1 at 2015-07-16 17:41:43 -0400
  [1m[36mActiveRecord::SchemaMigration Load (1.0ms)[0m  [1mSELECT "schema_migrations".* FROM "schema_migrations"[0m
Processing by WelcomeController#index as HTML
  Rendered welcome/index.html.erb within layouts/application (2.2ms)
Completed 200 OK in 1591ms (Views: 1590.0ms | ActiveRecord: 0.0ms)


Started GET "/assets/application.self-e80e8f2318043e8af94dddc2adad5a4f09739a8ebb323b3ab31cd71d45fd9113.css?body=1" for ::1 at 2015-07-16 17:41:46 -0400


Started GET "/assets/jquery.self-d03a5518f45df77341bdbe6201ba3bfa547ebba8ed64f0ea56bfa5f96ea7c074.js?body=1" for ::1 at 2015-07-16 17:41:46 -0400


Started GET "/assets/welcome.self-877aef30ae1b040ab8a3aba4e3e309a11d7f2612f44dde450b5c157aa5f95c05.js?body=1" for ::1 at 2015-07-16 17:41:46 -0400


Started GET "/assets/application.self-377610cd7c1509e934744c810e3b4cf672dfbcacac3274e7d039827e2ae0fcc7.js?body=1" for ::1 at 2015-07-16 17:41:46 -0400


Started GET "/assets/jquery_ujs.self-ca5248a2fad13d6bd58ea121318d642f195f0b2dd818b30615f785ff365e8d1f.js?body=1" for ::1 at 2015-07-16 17:41:46 -0400


Started GET "/assets/welcome.self-e3b0c44298fc1c149afbf4c8996fb92427ae41e4649b934ca495991b7852b855.css?body=1" for ::1 at 2015-07-16 17:41:46 -0400


Started GET "/" for ::1 at 2015-07-16 18:58:13 -0400
  [1m[36mActiveRecord::SchemaMigration Load (6.1ms)[0m  [1mSELECT "schema_migrations".* FROM "schema_migrations"[0m
Processing by WelcomeController#index as HTML
  Rendered welcome/index.html.erb within layouts/application (2.1ms)
Completed 200 OK in 972ms (Views: 971.2ms | ActiveRecord: 0.0ms)


Started GET "/assets/sessions.self-877aef30ae1b040ab8a3aba4e3e309a11d7f2612f44dde450b5c157aa5f95c05.js?body=1" for ::1 at 2015-07-16 18:58:14 -0400


Started GET "/assets/sessions.self-e3b0c44298fc1c149afbf4c8996fb92427ae41e4649b934ca495991b7852b855.css?body=1" for ::1 at 2015-07-16 18:58:14 -0400


Started GET "/sessions/new" for ::1 at 2015-07-16 18:58:41 -0400
Processing by SessionsController#new as HTML
  Rendered sessions/new.html.erb within layouts/application (1.6ms)
Completed 500 Internal Server Error in 63ms (ActiveRecord: 11.1ms)

SyntaxError (/Users/lowellmower/Desktop/Full-Bellies/app/views/sessions/new.html.erb:16: syntax error, unexpected keyword_ensure, expecting keyword_end
/Users/lowellmower/Desktop/Full-Bellies/app/views/sessions/new.html.erb:18: syntax error, unexpected end-of-input, expecting keyword_end):
  app/views/sessions/new.html.erb:16: syntax error, unexpected keyword_ensure, expecting keyword_end
  app/views/sessions/new.html.erb:18: syntax error, unexpected end-of-input, expecting keyword_end


  Rendered /Users/lowellmower/.rbenv/versions/2.0.0-p481/lib/ruby/gems/2.0.0/gems/actionpack-4.2.1/lib/action_dispatch/middleware/templates/rescues/_source.erb (10.7ms)
  Rendered /Users/lowellmower/.rbenv/versions/2.0.0-p481/lib/ruby/gems/2.0.0/gems/actionpack-4.2.1/lib/action_dispatch/middleware/templates/rescues/_trace.html.erb (4.4ms)
  Rendered /Users/lowellmower/.rbenv/versions/2.0.0-p481/lib/ruby/gems/2.0.0/gems/actionpack-4.2.1/lib/action_dispatch/middleware/templates/rescues/_request_and_response.html.erb (2.0ms)
  Rendered /Users/lowellmower/.rbenv/versions/2.0.0-p481/lib/ruby/gems/2.0.0/gems/actionpack-4.2.1/lib/action_dispatch/middleware/templates/rescues/diagnostics.html.erb within rescues/layout (42.3ms)
  Rendered /Users/lowellmower/.rbenv/versions/2.0.0-p481/lib/ruby/gems/2.0.0/gems/web-console-2.2.1/lib/web_console/templates/_markup.html.erb (0.6ms)
  Rendered /Users/lowellmower/.rbenv/versions/2.0.0-p481/lib/ruby/gems/2.0.0/gems/web-console-2.2.1/lib/web_console/templates/_inner_console_markup.html.erb within layouts/inlined_string (0.7ms)
  Rendered /Users/lowellmower/.rbenv/versions/2.0.0-p481/lib/ruby/gems/2.0.0/gems/web-console-2.2.1/lib/web_console/templates/_prompt_box_markup.html.erb within layouts/inlined_string (0.4ms)
  Rendered /Users/lowellmower/.rbenv/versions/2.0.0-p481/lib/ruby/gems/2.0.0/gems/web-console-2.2.1/lib/web_console/templates/style.css.erb within layouts/inlined_string (0.6ms)
  Rendered /Users/lowellmower/.rbenv/versions/2.0.0-p481/lib/ruby/gems/2.0.0/gems/web-console-2.2.1/lib/web_console/templates/console.js.erb within layouts/javascript (29.5ms)
  Rendered /Users/lowellmower/.rbenv/versions/2.0.0-p481/lib/ruby/gems/2.0.0/gems/web-console-2.2.1/lib/web_console/templates/main.js.erb within layouts/javascript (0.5ms)
  Rendered /Users/lowellmower/.rbenv/versions/2.0.0-p481/lib/ruby/gems/2.0.0/gems/web-console-2.2.1/lib/web_console/templates/error_page.js.erb within layouts/javascript (0.7ms)
  Rendered /Users/lowellmower/.rbenv/versions/2.0.0-p481/lib/ruby/gems/2.0.0/gems/web-console-2.2.1/lib/web_console/templates/index.html.erb (61.2ms)


Started GET "/sessions/new" for ::1 at 2015-07-16 19:01:50 -0400
Processing by SessionsController#new as HTML
  Rendered sessions/new.html.erb within layouts/application (63.6ms)
Completed 200 OK in 126ms (Views: 97.9ms | ActiveRecord: 2.6ms)


Started GET "/assets/jquery.self-d03a5518f45df77341bdbe6201ba3bfa547ebba8ed64f0ea56bfa5f96ea7c074.js?body=1" for ::1 at 2015-07-16 19:01:51 -0400


Started GET "/assets/application.self-e80e8f2318043e8af94dddc2adad5a4f09739a8ebb323b3ab31cd71d45fd9113.css?body=1" for ::1 at 2015-07-16 19:01:51 -0400


Started GET "/assets/application.self-377610cd7c1509e934744c810e3b4cf672dfbcacac3274e7d039827e2ae0fcc7.js?body=1" for ::1 at 2015-07-16 19:01:51 -0400


Started GET "/assets/jquery_ujs.self-ca5248a2fad13d6bd58ea121318d642f195f0b2dd818b30615f785ff365e8d1f.js?body=1" for ::1 at 2015-07-16 19:01:51 -0400


Started GET "/assets/sessions.self-877aef30ae1b040ab8a3aba4e3e309a11d7f2612f44dde450b5c157aa5f95c05.js?body=1" for ::1 at 2015-07-16 19:01:51 -0400


Started GET "/assets/sessions.self-e3b0c44298fc1c149afbf4c8996fb92427ae41e4649b934ca495991b7852b855.css?body=1" for ::1 at 2015-07-16 19:01:51 -0400


Started POST "/login_user" for ::1 at 2015-07-16 19:02:34 -0400
Processing by SessionsController#user_create as HTML
  Parameters: {"utf8"=>"✓", "authenticity_token"=>"v5VGixkcjYQxPlQ2Ue8/lV6jZ+OplbGd/QwuMU94sBCW2e2jA2RZ4e4J1qzQEEfrucEqheVx+3vlLoqKuIjyRw==", "user"=>{"username"=>"lowell.mower@gmail.com", "password"=>"[FILTERED]"}, "commit"=>"Log In!"}
  [1m[35mUser Load (2.2ms)[0m  SELECT  "users".* FROM "users" WHERE "users"."username" = $1 LIMIT 1  [["username", "lowell.mower@gmail.com"]]
Completed 500 Internal Server Error in 125ms (ActiveRecord: 2.6ms)

NameError (undefined local variable or method `new_user_path' for #<SessionsController:0x007fe4cfc62b70>):
  app/controllers/sessions_controller.rb:14:in `user_create'


  Rendered /Users/lowellmower/.rbenv/versions/2.0.0-p481/lib/ruby/gems/2.0.0/gems/actionpack-4.2.1/lib/action_dispatch/middleware/templates/rescues/_source.erb (4.8ms)
  Rendered /Users/lowellmower/.rbenv/versions/2.0.0-p481/lib/ruby/gems/2.0.0/gems/actionpack-4.2.1/lib/action_dispatch/middleware/templates/rescues/_trace.html.erb (3.2ms)
  Rendered /Users/lowellmower/.rbenv/versions/2.0.0-p481/lib/ruby/gems/2.0.0/gems/actionpack-4.2.1/lib/action_dispatch/middleware/templates/rescues/_request_and_response.html.erb (1.3ms)
  Rendered /Users/lowellmower/.rbenv/versions/2.0.0-p481/lib/ruby/gems/2.0.0/gems/actionpack-4.2.1/lib/action_dispatch/middleware/templates/rescues/diagnostics.html.erb within rescues/layout (107.3ms)
  Rendered /Users/lowellmower/.rbenv/versions/2.0.0-p481/lib/ruby/gems/2.0.0/gems/web-console-2.2.1/lib/web_console/templates/_markup.html.erb (0.5ms)
  Rendered /Users/lowellmower/.rbenv/versions/2.0.0-p481/lib/ruby/gems/2.0.0/gems/web-console-2.2.1/lib/web_console/templates/_inner_console_markup.html.erb within layouts/inlined_string (0.6ms)
  Rendered /Users/lowellmower/.rbenv/versions/2.0.0-p481/lib/ruby/gems/2.0.0/gems/web-console-2.2.1/lib/web_console/templates/_prompt_box_markup.html.erb within layouts/inlined_string (0.4ms)
  Rendered /Users/lowellmower/.rbenv/versions/2.0.0-p481/lib/ruby/gems/2.0.0/gems/web-console-2.2.1/lib/web_console/templates/style.css.erb within layouts/inlined_string (0.6ms)
  Rendered /Users/lowellmower/.rbenv/versions/2.0.0-p481/lib/ruby/gems/2.0.0/gems/web-console-2.2.1/lib/web_console/templates/console.js.erb within layouts/javascript (25.2ms)
  Rendered /Users/lowellmower/.rbenv/versions/2.0.0-p481/lib/ruby/gems/2.0.0/gems/web-console-2.2.1/lib/web_console/templates/main.js.erb within layouts/javascript (0.6ms)
  Rendered /Users/lowellmower/.rbenv/versions/2.0.0-p481/lib/ruby/gems/2.0.0/gems/web-console-2.2.1/lib/web_console/templates/error_page.js.erb within layouts/javascript (0.5ms)
  Rendered /Users/lowellmower/.rbenv/versions/2.0.0-p481/lib/ruby/gems/2.0.0/gems/web-console-2.2.1/lib/web_console/templates/index.html.erb (54.2ms)


Started POST "/login_vendor" for ::1 at 2015-07-16 19:02:47 -0400
Processing by SessionsController#vendor_create as HTML
  Parameters: {"utf8"=>"✓", "authenticity_token"=>"v5VGixkcjYQxPlQ2Ue8/lV6jZ+OplbGd/QwuMU94sBCW2e2jA2RZ4e4J1qzQEEfrucEqheVx+3vlLoqKuIjyRw==", "vendor"=>{"username"=>"lowell.mower@gmail.com", "password"=>"[FILTERED]"}, "commit"=>"Log In!"}
  [1m[36mVendor Load (12.6ms)[0m  [1mSELECT  "vendors".* FROM "vendors" WHERE "vendors"."username" = $1 LIMIT 1[0m  [["username", "lowell.mower@gmail.com"]]
Completed 500 Internal Server Error in 22ms (ActiveRecord: 12.6ms)

NameError (undefined local variable or method `new_vendor_path' for #<SessionsController:0x007fe4d09f8820>):
  app/controllers/sessions_controller.rb:29:in `vendor_create'


  Rendered /Users/lowellmower/.rbenv/versions/2.0.0-p481/lib/ruby/gems/2.0.0/gems/actionpack-4.2.1/lib/action_dispatch/middleware/templates/rescues/_source.erb (4.6ms)
  Rendered /Users/lowellmower/.rbenv/versions/2.0.0-p481/lib/ruby/gems/2.0.0/gems/actionpack-4.2.1/lib/action_dispatch/middleware/templates/rescues/_trace.html.erb (3.4ms)
  Rendered /Users/lowellmower/.rbenv/versions/2.0.0-p481/lib/ruby/gems/2.0.0/gems/actionpack-4.2.1/lib/action_dispatch/middleware/templates/rescues/_request_and_response.html.erb (1.7ms)
  Rendered /Users/lowellmower/.rbenv/versions/2.0.0-p481/lib/ruby/gems/2.0.0/gems/actionpack-4.2.1/lib/action_dispatch/middleware/templates/rescues/diagnostics.html.erb within rescues/layout (34.2ms)
  Rendered /Users/lowellmower/.rbenv/versions/2.0.0-p481/lib/ruby/gems/2.0.0/gems/web-console-2.2.1/lib/web_console/templates/_markup.html.erb (0.7ms)
  Rendered /Users/lowellmower/.rbenv/versions/2.0.0-p481/lib/ruby/gems/2.0.0/gems/web-console-2.2.1/lib/web_console/templates/_inner_console_markup.html.erb within layouts/inlined_string (0.7ms)
  Rendered /Users/lowellmower/.rbenv/versions/2.0.0-p481/lib/ruby/gems/2.0.0/gems/web-console-2.2.1/lib/web_console/templates/_prompt_box_markup.html.erb within layouts/inlined_string (0.6ms)
  Rendered /Users/lowellmower/.rbenv/versions/2.0.0-p481/lib/ruby/gems/2.0.0/gems/web-console-2.2.1/lib/web_console/templates/style.css.erb within layouts/inlined_string (0.6ms)
  Rendered /Users/lowellmower/.rbenv/versions/2.0.0-p481/lib/ruby/gems/2.0.0/gems/web-console-2.2.1/lib/web_console/templates/console.js.erb within layouts/javascript (27.5ms)
  Rendered /Users/lowellmower/.rbenv/versions/2.0.0-p481/lib/ruby/gems/2.0.0/gems/web-console-2.2.1/lib/web_console/templates/main.js.erb within layouts/javascript (0.4ms)
  Rendered /Users/lowellmower/.rbenv/versions/2.0.0-p481/lib/ruby/gems/2.0.0/gems/web-console-2.2.1/lib/web_console/templates/error_page.js.erb within layouts/javascript (0.5ms)
  Rendered /Users/lowellmower/.rbenv/versions/2.0.0-p481/lib/ruby/gems/2.0.0/gems/web-console-2.2.1/lib/web_console/templates/index.html.erb (53.2ms)


Started POST "/login_user" for ::1 at 2015-07-16 19:03:14 -0400
Processing by SessionsController#user_create as HTML
  Parameters: {"utf8"=>"✓", "authenticity_token"=>"v5VGixkcjYQxPlQ2Ue8/lV6jZ+OplbGd/QwuMU94sBCW2e2jA2RZ4e4J1qzQEEfrucEqheVx+3vlLoqKuIjyRw==", "user"=>{"username"=>"lowell.mower@gmail.com", "password"=>"[FILTERED]"}, "commit"=>"Log In!"}
  [1m[35mUser Load (0.3ms)[0m  SELECT  "users".* FROM "users" WHERE "users"."username" = $1 LIMIT 1  [["username", "lowell.mower@gmail.com"]]
Completed 500 Internal Server Error in 7ms (ActiveRecord: 0.3ms)

NameError (undefined local variable or method `new_user_path' for #<SessionsController:0x007fe4cc255900>):
  app/controllers/sessions_controller.rb:14:in `user_create'


  Rendered /Users/lowellmower/.rbenv/versions/2.0.0-p481/lib/ruby/gems/2.0.0/gems/actionpack-4.2.1/lib/action_dispatch/middleware/templates/rescues/_source.erb (6.4ms)
  Rendered /Users/lowellmower/.rbenv/versions/2.0.0-p481/lib/ruby/gems/2.0.0/gems/actionpack-4.2.1/lib/action_dispatch/middleware/templates/rescues/_trace.html.erb (2.1ms)
  Rendered /Users/lowellmower/.rbenv/versions/2.0.0-p481/lib/ruby/gems/2.0.0/gems/actionpack-4.2.1/lib/action_dispatch/middleware/templates/rescues/_request_and_response.html.erb (1.2ms)
  Rendered /Users/lowellmower/.rbenv/versions/2.0.0-p481/lib/ruby/gems/2.0.0/gems/actionpack-4.2.1/lib/action_dispatch/middleware/templates/rescues/diagnostics.html.erb within rescues/layout (31.7ms)
  Rendered /Users/lowellmower/.rbenv/versions/2.0.0-p481/lib/ruby/gems/2.0.0/gems/web-console-2.2.1/lib/web_console/templates/_markup.html.erb (0.7ms)
  Rendered /Users/lowellmower/.rbenv/versions/2.0.0-p481/lib/ruby/gems/2.0.0/gems/web-console-2.2.1/lib/web_console/templates/_inner_console_markup.html.erb within layouts/inlined_string (0.5ms)
  Rendered /Users/lowellmower/.rbenv/versions/2.0.0-p481/lib/ruby/gems/2.0.0/gems/web-console-2.2.1/lib/web_console/templates/_prompt_box_markup.html.erb within layouts/inlined_string (0.6ms)
  Rendered /Users/lowellmower/.rbenv/versions/2.0.0-p481/lib/ruby/gems/2.0.0/gems/web-console-2.2.1/lib/web_console/templates/style.css.erb within layouts/inlined_string (0.4ms)
  Rendered /Users/lowellmower/.rbenv/versions/2.0.0-p481/lib/ruby/gems/2.0.0/gems/web-console-2.2.1/lib/web_console/templates/console.js.erb within layouts/javascript (26.1ms)
  Rendered /Users/lowellmower/.rbenv/versions/2.0.0-p481/lib/ruby/gems/2.0.0/gems/web-console-2.2.1/lib/web_console/templates/main.js.erb within layouts/javascript (0.6ms)
  Rendered /Users/lowellmower/.rbenv/versions/2.0.0-p481/lib/ruby/gems/2.0.0/gems/web-console-2.2.1/lib/web_console/templates/error_page.js.erb within layouts/javascript (0.6ms)
  Rendered /Users/lowellmower/.rbenv/versions/2.0.0-p481/lib/ruby/gems/2.0.0/gems/web-console-2.2.1/lib/web_console/templates/index.html.erb (56.7ms)


Started PUT "/console/repl_sessions/92177db2b48c74cad398fe9cb6e416a6" for ::1 at 2015-07-16 19:03:17 -0400


Started POST "/login_vendor" for ::1 at 2015-07-16 19:03:31 -0400
Processing by SessionsController#vendor_create as HTML
  Parameters: {"utf8"=>"✓", "authenticity_token"=>"v5VGixkcjYQxPlQ2Ue8/lV6jZ+OplbGd/QwuMU94sBCW2e2jA2RZ4e4J1qzQEEfrucEqheVx+3vlLoqKuIjyRw==", "vendor"=>{"username"=>"lowell.mower@gmail.com", "password"=>"[FILTERED]"}, "commit"=>"Log In!"}
  [1m[36mVendor Load (0.4ms)[0m  [1mSELECT  "vendors".* FROM "vendors" WHERE "vendors"."username" = $1 LIMIT 1[0m  [["username", "lowell.mower@gmail.com"]]
Completed 500 Internal Server Error in 84ms (ActiveRecord: 0.4ms)

NameError (undefined local variable or method `new_vendor_path' for #<SessionsController:0x007fe4d0dee7b8>):
  app/controllers/sessions_controller.rb:29:in `vendor_create'


  Rendered /Users/lowellmower/.rbenv/versions/2.0.0-p481/lib/ruby/gems/2.0.0/gems/actionpack-4.2.1/lib/action_dispatch/middleware/templates/rescues/_source.erb (4.1ms)
  Rendered /Users/lowellmower/.rbenv/versions/2.0.0-p481/lib/ruby/gems/2.0.0/gems/actionpack-4.2.1/lib/action_dispatch/middleware/templates/rescues/_trace.html.erb (75.8ms)
  Rendered /Users/lowellmower/.rbenv/versions/2.0.0-p481/lib/ruby/gems/2.0.0/gems/actionpack-4.2.1/lib/action_dispatch/middleware/templates/rescues/_request_and_response.html.erb (1.0ms)
  Rendered /Users/lowellmower/.rbenv/versions/2.0.0-p481/lib/ruby/gems/2.0.0/gems/actionpack-4.2.1/lib/action_dispatch/middleware/templates/rescues/diagnostics.html.erb within rescues/layout (97.8ms)
  Rendered /Users/lowellmower/.rbenv/versions/2.0.0-p481/lib/ruby/gems/2.0.0/gems/web-console-2.2.1/lib/web_console/templates/_markup.html.erb (0.4ms)
  Rendered /Users/lowellmower/.rbenv/versions/2.0.0-p481/lib/ruby/gems/2.0.0/gems/web-console-2.2.1/lib/web_console/templates/_inner_console_markup.html.erb within layouts/inlined_string (0.3ms)
  Rendered /Users/lowellmower/.rbenv/versions/2.0.0-p481/lib/ruby/gems/2.0.0/gems/web-console-2.2.1/lib/web_console/templates/_prompt_box_markup.html.erb within layouts/inlined_string (0.9ms)
  Rendered /Users/lowellmower/.rbenv/versions/2.0.0-p481/lib/ruby/gems/2.0.0/gems/web-console-2.2.1/lib/web_console/templates/style.css.erb within layouts/inlined_string (0.4ms)
  Rendered /Users/lowellmower/.rbenv/versions/2.0.0-p481/lib/ruby/gems/2.0.0/gems/web-console-2.2.1/lib/web_console/templates/console.js.erb within layouts/javascript (22.1ms)
  Rendered /Users/lowellmower/.rbenv/versions/2.0.0-p481/lib/ruby/gems/2.0.0/gems/web-console-2.2.1/lib/web_console/templates/main.js.erb within layouts/javascript (0.6ms)
  Rendered /Users/lowellmower/.rbenv/versions/2.0.0-p481/lib/ruby/gems/2.0.0/gems/web-console-2.2.1/lib/web_console/templates/error_page.js.erb within layouts/javascript (0.5ms)
  Rendered /Users/lowellmower/.rbenv/versions/2.0.0-p481/lib/ruby/gems/2.0.0/gems/web-console-2.2.1/lib/web_console/templates/index.html.erb (46.7ms)


Started PUT "/console/repl_sessions/73023372ce7170142eced16dcb043cdb" for ::1 at 2015-07-16 19:03:33 -0400
